❌ Invalid environment variables: [
  {
    code: 'invalid_type',
    expected: 'string',
    received: 'undefined',
    path: [ 'DATABASE_URL' ],
    message: 'Required'
  },
  {
    code: 'invalid_type',
    expected: 'string',
    received: 'undefined',
    path: [ 'CLERK_SECRET_KEY' ],
    message: 'Required'
  },
  {
    code: 'invalid_type',
    expected: 'string',
    received: 'undefined',
    path: [ 'REDIS_URL' ],
    message: 'Required'
  },
  {
    code: 'invalid_type',
    expected: 'string',
    received: 'undefined',
    path: [ 'NEXT_PUBLIC_CLERK_PUBLISHABLE_KEY' ],
    message: 'Required'
  },
  {
    code: 'invalid_type',
    expected: 'string',
    received: 'undefined',
    path: [ 'NEXT_PUBLIC_APP_URL' ],
    message: 'Required'
  }
]
file:///N:/test/beloop-tracker/node_modules/@t3-oss/env-core/dist/src-Bb3GbGAa.js:54
		throw new Error("Invalid environment variables");
		^

Error: Invalid environment variables
    at onValidationError (file:///N:/test/beloop-tracker/node_modules/@t3-oss/env-core/dist/src-Bb3GbGAa.js:54:9)
    at createEnv (file:///N:/test/beloop-tracker/node_modules/@t3-oss/env-core/dist/src-Bb3GbGAa.js:59:28)
    at createEnv (file:///N:/test/beloop-tracker/node_modules/@t3-oss/env-nextjs/dist/index.js:16:9)
    at Object.<anonymous> (N:\test\beloop-tracker\env.js:4:13)
    at Module._compile (node:internal/modules/cjs/loader:1706:14)
    at Object..js (node:internal/modules/cjs/loader:1839:10)
    at Module.load (node:internal/modules/cjs/loader:1441:32)
    at Function._load (node:internal/modules/cjs/loader:1263:12)
    at TracingChannel.traceSync (node:diagnostics_channel:322:14)
    at wrapModuleLoad (node:internal/modules/cjs/loader:237:24)

Node.js v22.19.0
